<testsuite name="search.Search" tests="2" errors="1" failures="0" skipped="0" time="23.304407" timestamp="2021-07-02T22:39:59.421988" hostname="GHBRLPE06KST0"><testcase classname="search.Search" name="Search the terms on Google -- @1.1 " status="passed" time="6.698721"><system-out>
<![CDATA[
@scenario.begin
  Scenario Outline: Search the terms on Google -- @1.1 
    Given I navigate to the Google Home page ... passed in 5.015s
    When I search for python ... passed in 1.648s
    Then I should see the results ... passed in 0.036s

@scenario.end
--------------------------------------------------------------------------------
]]>
</system-out></testcase><testcase classname="search.Search" name="Search the terms on Google -- @1.2 " status="failed" time="16.605686"><error type="NoSuchElementException" message="Message: no such element: Unable to locate element: {&quot;method&quot;:&quot;css selector&quot;,&quot;selector&quot;:&quot;#rso &gt; div:nth-child(1) &gt; div &gt; div &gt; div &gt; div &gt; div &gt; div &gt; div.yuRUbf &gt; a &gt; h3&quot;}&#10;  (Session info: chrome=91.0.4472.114)&#10;">
<![CDATA[
Failing step: Then I should see the results ... failed in 10.055s
Location: features/search.feature:11
Traceback (most recent call last):
  File "/home/priscilla/.local/lib/python3.8/site-packages/behave/model.py", line 1329, in run
    match.run(runner.context)
  File "/home/priscilla/.local/lib/python3.8/site-packages/behave/matchers.py", line 98, in run
    self.func(context, *args, **kwargs)
  File "features/steps/homepage_steps.py", line 31, in get_results
    assert_equals(context.browser.find_element_by_css_selector(home.first_result).text, "Download Python | Python.org")
  File "/home/priscilla/.local/lib/python3.8/site-packages/selenium/webdriver/remote/webdriver.py", line 598, in find_element_by_css_selector
    return self.find_element(by=By.CSS_SELECTOR, value=css_selector)
  File "/home/priscilla/.local/lib/python3.8/site-packages/selenium/webdriver/remote/webdriver.py", line 976, in find_element
    return self.execute(Command.FIND_ELEMENT, {
  File "/home/priscilla/.local/lib/python3.8/site-packages/selenium/webdriver/remote/webdriver.py", line 321, in execute
    self.error_handler.check_response(response)
  File "/home/priscilla/.local/lib/python3.8/site-packages/selenium/webdriver/remote/errorhandler.py", line 242, in check_response
    raise exception_class(message, screen, stacktrace)
selenium.common.exceptions.NoSuchElementException: Message: no such element: Unable to locate element: {"method":"css selector","selector":"#rso > div:nth-child(1) > div > div > div > div > div > div > div.yuRUbf > a > h3"}
  (Session info: chrome=91.0.4472.114)

]]>
</error><system-out>
<![CDATA[
@scenario.begin
  Scenario Outline: Search the terms on Google -- @1.2 
    Given I navigate to the Google Home page ... passed in 5.016s
    When I search for ruby ... passed in 1.535s
    Then I should see the results ... failed in 10.055s

@scenario.end
--------------------------------------------------------------------------------
]]>
</system-out></testcase></testsuite>